

============================== 2022-08-16 20:13:48.504605 | 125b2071-59a4-4ffa-acce-9a21bd748a7e ==============================
[0m20:13:48.504621 [info ] [MainThread]: Running with dbt=1.2.0
[0m20:13:48.505257 [debug] [MainThread]: running dbt with arguments {'write_json': True, 'use_colors': True, 'printer_width': 80, 'version_check': True, 'partial_parse': True, 'static_parser': True, 'profiles_dir': '/Users/wayneahmad/.dbt', 'send_anonymous_usage_stats': True, 'event_buffer_size': 100000, 'quiet': False, 'no_print': False, 'skip_profile_setup': False, 'which': 'init', 'indirect_selection': 'eager'}
[0m20:13:48.505423 [debug] [MainThread]: Tracking: tracking
[0m20:13:48.543484 [debug] [MainThread]: Sending event: {'category': 'dbt', 'action': 'invocation', 'label': 'start', 'context': [<snowplow_tracker.self_describing_json.SelfDescribingJson object at 0x1047e4370>, <snowplow_tracker.self_describing_json.SelfDescribingJson object at 0x104793b80>, <snowplow_tracker.self_describing_json.SelfDescribingJson object at 0x10480c430>]}
[0m20:13:48.545384 [info ] [MainThread]: Creating dbt configuration folder at /Users/wayneahmad/.dbt
[0m20:14:00.849296 [debug] [MainThread]: Starter project path: /Library/Frameworks/Python.framework/Versions/3.10/lib/python3.10/site-packages/dbt/include/starter_project
[0m20:14:09.919735 [info ] [MainThread]: Profile sahl_and_wayne written to /Users/wayneahmad/.dbt/profiles.yml using target's sample configuration. Once updated, you'll be able to start developing with dbt.
[0m20:14:09.920356 [info ] [MainThread]: 
Your new dbt project "sahl_and_wayne" was created!

For more information on how to configure the profiles.yml file,
please consult the dbt documentation here:

  https://docs.getdbt.com/docs/configure-your-profile

One more thing:

Need help? Don't hesitate to reach out to us via GitHub issues or on Slack:

  https://community.getdbt.com/

Happy modeling!

[0m20:14:09.921184 [debug] [MainThread]: Sending event: {'category': 'dbt', 'action': 'invocation', 'label': 'end', 'context': [<snowplow_tracker.self_describing_json.SelfDescribingJson object at 0x1042fff10>, <snowplow_tracker.self_describing_json.SelfDescribingJson object at 0x1042fe2c0>, <snowplow_tracker.self_describing_json.SelfDescribingJson object at 0x1047e6260>]}


============================== 2022-08-16 20:53:35.002262 | 3460e89e-c267-4ec8-8f97-bc29e2bf8192 ==============================
[0m20:53:35.002287 [info ] [MainThread]: Running with dbt=1.2.0
[0m20:53:35.003577 [debug] [MainThread]: running dbt with arguments {'write_json': True, 'use_colors': True, 'printer_width': 80, 'version_check': True, 'partial_parse': True, 'static_parser': True, 'profiles_dir': '/Users/wayneahmad/.dbt', 'send_anonymous_usage_stats': True, 'event_buffer_size': 100000, 'quiet': False, 'no_print': False, 'config_dir': False, 'which': 'debug', 'indirect_selection': 'eager'}
[0m20:53:35.003921 [debug] [MainThread]: Tracking: tracking
[0m20:53:35.202831 [debug] [MainThread]: Sending event: {'category': 'dbt', 'action': 'invocation', 'label': 'start', 'context': [<snowplow_tracker.self_describing_json.SelfDescribingJson object at 0x105fe2cb0>, <snowplow_tracker.self_describing_json.SelfDescribingJson object at 0x105fe1390>, <snowplow_tracker.self_describing_json.SelfDescribingJson object at 0x105fe1750>]}
[0m20:53:35.794693 [debug] [MainThread]: Executing "git --help"
[0m20:53:35.830893 [debug] [MainThread]: STDOUT: "b"usage: git [--version] [--help] [-C <path>] [-c <name>=<value>]\n           [--exec-path[=<path>]] [--html-path] [--man-path] [--info-path]\n           [-p | --paginate | -P | --no-pager] [--no-replace-objects] [--bare]\n           [--git-dir=<path>] [--work-tree=<path>] [--namespace=<name>]\n           [--super-prefix=<path>] [--config-env=<name>=<envvar>]\n           <command> [<args>]\n\nThese are common Git commands used in various situations:\n\nstart a working area (see also: git help tutorial)\n   clone     Clone a repository into a new directory\n   init      Create an empty Git repository or reinitialize an existing one\n\nwork on the current change (see also: git help everyday)\n   add       Add file contents to the index\n   mv        Move or rename a file, a directory, or a symlink\n   restore   Restore working tree files\n   rm        Remove files from the working tree and from the index\n\nexamine the history and state (see also: git help revisions)\n   bisect    Use binary search to find the commit that introduced a bug\n   diff      Show changes between commits, commit and working tree, etc\n   grep      Print lines matching a pattern\n   log       Show commit logs\n   show      Show various types of objects\n   status    Show the working tree status\n\ngrow, mark and tweak your common history\n   branch    List, create, or delete branches\n   commit    Record changes to the repository\n   merge     Join two or more development histories together\n   rebase    Reapply commits on top of another base tip\n   reset     Reset current HEAD to the specified state\n   switch    Switch branches\n   tag       Create, list, delete or verify a tag object signed with GPG\n\ncollaborate (see also: git help workflows)\n   fetch     Download objects and refs from another repository\n   pull      Fetch from and integrate with another repository or a local branch\n   push      Update remote refs along with associated objects\n\n'git help -a' and 'git help -g' list available subcommands and some\nconcept guides. See 'git help <command>' or 'git help <concept>'\nto read about a specific subcommand or concept.\nSee 'git help git' for an overview of the system.\n""
[0m20:53:35.832464 [debug] [MainThread]: STDERR: "b''"
[0m20:53:36.090987 [debug] [MainThread]: Acquiring new postgres connection "debug"
[0m20:53:36.093149 [debug] [MainThread]: Using postgres connection "debug"
[0m20:53:36.094149 [debug] [MainThread]: On debug: select 1 as id
[0m20:53:36.094825 [debug] [MainThread]: Opening a new connection, currently in state init
[0m20:53:36.296575 [debug] [MainThread]: SQL status: SELECT 1 in 0.2 seconds
[0m20:53:36.302173 [debug] [MainThread]: On debug: Close
[0m20:53:36.308953 [debug] [MainThread]: Sending event: {'category': 'dbt', 'action': 'invocation', 'label': 'end', 'context': [<snowplow_tracker.self_describing_json.SelfDescribingJson object at 0x105fe00a0>, <snowplow_tracker.self_describing_json.SelfDescribingJson object at 0x1060d7730>, <snowplow_tracker.self_describing_json.SelfDescribingJson object at 0x1060d7c40>]}
[0m20:53:36.996192 [debug] [MainThread]: Connection 'debug' was properly closed.
